0 info it worked if it ends with ok
1 verbose cli [ 'C:\\Program Files\\nodejs\\node.exe',
1 verbose cli   'C:\\Program Files\\nodejs\\node_modules\\npm\\bin\\npm-cli.js',
1 verbose cli   'run',
1 verbose cli   'gulp' ]
2 info using npm@3.10.10
3 info using node@v6.11.3
4 verbose run-script [ 'pregulp', 'gulp', 'postgulp' ]
5 info lifecycle knockout@1.0.0~pregulp: knockout@1.0.0
6 silly lifecycle knockout@1.0.0~pregulp: no script for pregulp, continuing
7 info lifecycle knockout@1.0.0~gulp: knockout@1.0.0
8 verbose lifecycle knockout@1.0.0~gulp: unsafe-perm in lifecycle true
9 verbose lifecycle knockout@1.0.0~gulp: PATH: C:\Program Files\nodejs\node_modules\npm\bin\node-gyp-bin;C:\knockout\node_modules\.bin;C:\WINDOWS\system32;C:\WINDOWS;C:\WINDOWS\System32\Wbem;C:\WINDOWS\System32\WindowsPowerShell\v1.0\;C:\xampp\php;C:\xampp\mysql\bin;C:\Program Files\TortoiseGit\bin;C:\Program Files\Microsoft SQL Server\110\Tools\Binn\;C:\Program Files (x86)\GtkSharp\2.12\bin;C:\Program Files (x86)\Windows Kits\8.1\Windows Performance Toolkit\;C:\Program Files (x86)\Microsoft SDKs\TypeScript\1.0\;C:\Program Files\TortoiseSVN\bin;C:\HashiCorp\Vagrant\bin;C:\Program Files\nodejs\;C:\Program Files (x86)\Nodist\bin;C:\composer;C:\Program Files\Git\cmd;C:\Ruby24-x64\bin;C:\Users\chiba\AppData\Local\Microsoft\WindowsApps;C:\Users\chiba\AppData\Roaming\npm;C:\Program Files\Microsoft VS Code\bin;C:\Users\chiba\AppData\Roaming\Composer\vendor\bin
10 verbose lifecycle knockout@1.0.0~gulp: CWD: C:\knockout
11 silly lifecycle knockout@1.0.0~gulp: Args: [ '/d /s /c', 'gulp' ]
12 silly lifecycle knockout@1.0.0~gulp: Returned: code: 1  signal: null
13 info lifecycle knockout@1.0.0~gulp: Failed to exec gulp script
14 verbose stack Error: knockout@1.0.0 gulp: `gulp`
14 verbose stack Exit status 1
14 verbose stack     at EventEmitter.<anonymous> (C:\Program Files\nodejs\node_modules\npm\lib\utils\lifecycle.js:255:16)
14 verbose stack     at emitTwo (events.js:106:13)
14 verbose stack     at EventEmitter.emit (events.js:191:7)
14 verbose stack     at ChildProcess.<anonymous> (C:\Program Files\nodejs\node_modules\npm\lib\utils\spawn.js:40:14)
14 verbose stack     at emitTwo (events.js:106:13)
14 verbose stack     at ChildProcess.emit (events.js:191:7)
14 verbose stack     at maybeClose (internal/child_process.js:920:16)
14 verbose stack     at Process.ChildProcess._handle.onexit (internal/child_process.js:230:5)
15 verbose pkgid knockout@1.0.0
16 verbose cwd C:\knockout\m\css
17 error Windows_NT 10.0.15063
18 error argv "C:\\Program Files\\nodejs\\node.exe" "C:\\Program Files\\nodejs\\node_modules\\npm\\bin\\npm-cli.js" "run" "gulp"
19 error node v6.11.3
20 error npm  v3.10.10
21 error code ELIFECYCLE
22 error knockout@1.0.0 gulp: `gulp`
22 error Exit status 1
23 error Failed at the knockout@1.0.0 gulp script 'gulp'.
23 error Make sure you have the latest version of node.js and npm installed.
23 error If you do, this is most likely a problem with the knockout package,
23 error not with npm itself.
23 error Tell the author that this fails on your system:
23 error     gulp
23 error You can get information on how to open an issue for this project with:
23 error     npm bugs knockout
23 error Or if that isn't available, you can get their info via:
23 error     npm owner ls knockout
23 error There is likely additional logging output above.
24 verbose exit [ 1, true ]
